[0m17:04:45.549369 [debug] [MainThread]: Sending event: {'category': 'dbt', 'action': 'invocation', 'label': 'start', 'context': [<snowplow_tracker.self_describing_json.SelfDescribingJson object at 0x7fc064ceb820>, <snowplow_tracker.self_describing_json.SelfDescribingJson object at 0x7fc06675f910>, <snowplow_tracker.self_describing_json.SelfDescribingJson object at 0x7fc0667900a0>]}


============================== 17:04:45.556228 | 7afd98b5-9f04-4e9c-aef4-719bad6d6c62 ==============================
[0m17:04:45.556228 [info ] [MainThread]: Running with dbt=1.5.2
[0m17:04:45.557390 [debug] [MainThread]: running dbt with arguments {'printer_width': '80', 'indirect_selection': 'eager', 'write_json': 'True', 'log_cache_events': 'False', 'partial_parse': 'True', 'cache_selected_only': 'False', 'profiles_dir': '/Users/dmitrybugaev/.dbt', 'version_check': 'True', 'debug': 'False', 'log_path': 'logs', 'warn_error': 'None', 'fail_fast': 'False', 'use_colors': 'True', 'use_experimental_parser': 'False', 'no_print': 'None', 'quiet': 'False', 'log_format': 'default', 'static_parser': 'True', 'warn_error_options': 'WarnErrorOptions(include=[], exclude=[])', 'introspect': 'True', 'target_path': 'None', 'send_anonymous_usage_stats': 'True'}
[0m17:04:45.559524 [debug] [MainThread]: Starter project path: /Library/Frameworks/Python.framework/Versions/3.9/lib/python3.9/site-packages/dbt/include/starter_project
[0m17:04:54.572023 [info ] [MainThread]: 
Your new dbt project "arbat_transform" was created!

For more information on how to configure the profiles.yml file,
please consult the dbt documentation here:

  https://docs.getdbt.com/docs/configure-your-profile

One more thing:

Need help? Don't hesitate to reach out to us via GitHub issues or on Slack:

  https://community.getdbt.com/

Happy modeling!

[0m17:04:54.573194 [debug] [MainThread]: Command `dbt init` succeeded at 17:04:54.572975 after 9.06 seconds
[0m17:04:54.573787 [debug] [MainThread]: Sending event: {'category': 'dbt', 'action': 'invocation', 'label': 'end', 'context': [<snowplow_tracker.self_describing_json.SelfDescribingJson object at 0x7fc064ceb820>, <snowplow_tracker.self_describing_json.SelfDescribingJson object at 0x7fc06531c580>, <snowplow_tracker.self_describing_json.SelfDescribingJson object at 0x7fc06675f670>]}
[0m17:04:54.574396 [debug] [MainThread]: Flushing usage events
[0m23:50:22.997030 [debug] [MainThread]: Sending event: {'category': 'dbt', 'action': 'invocation', 'label': 'start', 'context': [<snowplow_tracker.self_describing_json.SelfDescribingJson object at 0x7f96ceceb820>, <snowplow_tracker.self_describing_json.SelfDescribingJson object at 0x7f96cff55910>, <snowplow_tracker.self_describing_json.SelfDescribingJson object at 0x7f96cff870a0>]}


============================== 23:50:23.003791 | 5e3c4ebd-50fb-46d0-9fa5-6ebcd9b7b0bd ==============================
[0m23:50:23.003791 [info ] [MainThread]: Running with dbt=1.5.2
[0m23:50:23.004697 [debug] [MainThread]: running dbt with arguments {'printer_width': '80', 'indirect_selection': 'eager', 'log_cache_events': 'False', 'write_json': 'True', 'partial_parse': 'True', 'cache_selected_only': 'False', 'profiles_dir': '/Users/dmitrybugaev/.dbt', 'fail_fast': 'False', 'version_check': 'True', 'log_path': 'logs', 'warn_error': 'None', 'debug': 'False', 'use_colors': 'True', 'use_experimental_parser': 'False', 'no_print': 'None', 'quiet': 'False', 'log_format': 'default', 'static_parser': 'True', 'introspect': 'True', 'warn_error_options': 'WarnErrorOptions(include=[], exclude=[])', 'target_path': 'None', 'send_anonymous_usage_stats': 'True'}
[0m23:50:23.005622 [info ] [MainThread]: dbt version: 1.5.2
[0m23:50:23.006522 [info ] [MainThread]: python version: 3.9.13
[0m23:50:23.007214 [info ] [MainThread]: python path: /Library/Frameworks/Python.framework/Versions/3.9/bin/python3.9
[0m23:50:23.007809 [info ] [MainThread]: os info: macOS-10.16-x86_64-i386-64bit
[0m23:50:23.008369 [info ] [MainThread]: Using profiles.yml file at /Users/dmitrybugaev/.dbt/profiles.yml
[0m23:50:23.008943 [info ] [MainThread]: Using dbt_project.yml file at /Users/dmitrybugaev/arbathotel/5_dbt/dbt_project.yml
[0m23:50:23.009545 [info ] [MainThread]: Configuration:
[0m23:50:23.022613 [info ] [MainThread]: Error importing adapter: No module named 'dbt.adapters.snowflake'
[0m23:50:33.652848 [info ] [MainThread]:   profiles.yml file [[31mERROR invalid[0m]
[0m23:50:33.653567 [info ] [MainThread]:   dbt_project.yml file [[31mERROR not found[0m]
[0m23:50:33.654109 [info ] [MainThread]: Required dependencies:
[0m23:50:33.654766 [debug] [MainThread]: Executing "git --help"
[0m23:50:33.679944 [debug] [MainThread]: STDOUT: "b"usage: git [-v | --version] [-h | --help] [-C <path>] [-c <name>=<value>]\n           [--exec-path[=<path>]] [--html-path] [--man-path] [--info-path]\n           [-p | --paginate | -P | --no-pager] [--no-replace-objects] [--bare]\n           [--git-dir=<path>] [--work-tree=<path>] [--namespace=<name>]\n           [--super-prefix=<path>] [--config-env=<name>=<envvar>]\n           <command> [<args>]\n\nThese are common Git commands used in various situations:\n\nstart a working area (see also: git help tutorial)\n   clone     Clone a repository into a new directory\n   init      Create an empty Git repository or reinitialize an existing one\n\nwork on the current change (see also: git help everyday)\n   add       Add file contents to the index\n   mv        Move or rename a file, a directory, or a symlink\n   restore   Restore working tree files\n   rm        Remove files from the working tree and from the index\n\nexamine the history and state (see also: git help revisions)\n   bisect    Use binary search to find the commit that introduced a bug\n   diff      Show changes between commits, commit and working tree, etc\n   grep      Print lines matching a pattern\n   log       Show commit logs\n   show      Show various types of objects\n   status    Show the working tree status\n\ngrow, mark and tweak your common history\n   branch    List, create, or delete branches\n   commit    Record changes to the repository\n   merge     Join two or more development histories together\n   rebase    Reapply commits on top of another base tip\n   reset     Reset current HEAD to the specified state\n   switch    Switch branches\n   tag       Create, list, delete or verify a tag object signed with GPG\n\ncollaborate (see also: git help workflows)\n   fetch     Download objects and refs from another repository\n   pull      Fetch from and integrate with another repository or a local branch\n   push      Update remote refs along with associated objects\n\n'git help -a' and 'git help -g' list available subcommands and some\nconcept guides. See 'git help <command>' or 'git help <concept>'\nto read about a specific subcommand or concept.\nSee 'git help git' for an overview of the system.\n""
[0m23:50:33.683470 [debug] [MainThread]: STDERR: "b''"
[0m23:50:33.684520 [info ] [MainThread]:  - git [[32mOK found[0m]

[0m23:50:33.685167 [info ] [MainThread]: [31m2 checks failed:[0m
[0m23:50:33.685673 [info ] [MainThread]: Could not load dbt_project.yml

[0m23:50:33.686193 [info ] [MainThread]: Profile loading failed for the following reason:
Runtime Error
  Credentials in profile "dbtlearn", target "dev" invalid: Runtime Error
    Could not find adapter type snowflake!


[0m23:50:33.687620 [debug] [MainThread]: Command `dbt debug` failed at 23:50:33.687335 after 10.72 seconds
[0m23:50:33.688539 [debug] [MainThread]: Sending event: {'category': 'dbt', 'action': 'invocation', 'label': 'end', 'context': [<snowplow_tracker.self_describing_json.SelfDescribingJson object at 0x7f96ceceb820>, <snowplow_tracker.self_describing_json.SelfDescribingJson object at 0x7f96d432ddc0>, <snowplow_tracker.self_describing_json.SelfDescribingJson object at 0x7f96d438e940>]}
[0m23:50:33.689577 [debug] [MainThread]: Flushing usage events
